<?xml version="1.0" encoding="UTF-8"?>
<!-- Generated by org.testng.reporters.JUnitXMLReporter -->
<testsuite ignored="0" hostname="HP" failures="0" tests="3" name="Browse Events" time="12.586" errors="0" timestamp="2022-11-04T03:46:25 CET">
  <testcase classname="testpackage.Testhomepagelinks" name="validateBrowseEventsTodayUrl" time="4.162"/>
  <testcase classname="testpackage.Testhomepagelinks" name="validateBrowseEventsTomorrowUrl" time="2.131"/>
  <testcase classname="testpackage.Testhomepagelinks" name="validateBrowseEventsDateUrl" time="2.434"/>
</testsuite> <!-- Browse Events -->
