<?xml version="1.0" encoding="UTF-8"?>
<testng-results ignored="0" total="3" passed="3" failed="0" skipped="0">
  <reporter-output>
  </reporter-output>
  <suite started-at="2022-11-04T03:46:12 CET" name="Links in Homepage" finished-at="2022-11-04T03:46:25 CET" duration-ms="12586">
    <groups>
    </groups>
    <test started-at="2022-11-04T03:46:12 CET" name="Browse Events" finished-at="2022-11-04T03:46:25 CET" duration-ms="12586">
      <class name="testpackage.Testhomepagelinks">
        <test-method is-config="true" signature="initialSetup()[pri:0, instance:testpackage.Testhomepagelinks@b9b00e0]" started-at="2022-11-04T03:46:09 CET" name="initialSetup" finished-at="2022-11-04T03:46:12 CET" duration-ms="3304" status="PASS">
          <reporter-output>
          </reporter-output>
        </test-method> <!-- initialSetup -->
        <test-method is-config="true" signature="launchSite(java.lang.String)[pri:0, instance:testpackage.Testhomepagelinks@b9b00e0]" started-at="2022-11-04T03:46:12 CET" name="launchSite" finished-at="2022-11-04T03:46:16 CET" duration-ms="3827" status="PASS">
          <params>
            <param index="0">
              <value>
                <![CDATA[https://www.ticketswap.com/]]>
              </value>
            </param>
          </params>
          <reporter-output>
          </reporter-output>
        </test-method> <!-- launchSite -->
        <test-method signature="validateBrowseEventsTodayUrl()[pri:1, instance:testpackage.Testhomepagelinks@b9b00e0]" started-at="2022-11-04T03:46:16 CET" name="validateBrowseEventsTodayUrl" finished-at="2022-11-04T03:46:20 CET" duration-ms="4162" status="PASS">
          <reporter-output>
          </reporter-output>
        </test-method> <!-- validateBrowseEventsTodayUrl -->
        <test-method signature="validateBrowseEventsTomorrowUrl()[pri:2, instance:testpackage.Testhomepagelinks@b9b00e0]" started-at="2022-11-04T03:46:20 CET" name="validateBrowseEventsTomorrowUrl" finished-at="2022-11-04T03:46:22 CET" duration-ms="2131" status="PASS">
          <reporter-output>
          </reporter-output>
        </test-method> <!-- validateBrowseEventsTomorrowUrl -->
        <test-method signature="validateBrowseEventsDateUrl()[pri:3, instance:testpackage.Testhomepagelinks@b9b00e0]" started-at="2022-11-04T03:46:22 CET" name="validateBrowseEventsDateUrl" finished-at="2022-11-04T03:46:25 CET" duration-ms="2434" status="PASS">
          <reporter-output>
          </reporter-output>
        </test-method> <!-- validateBrowseEventsDateUrl -->
        <test-method is-config="true" signature="closeSetup()[pri:0, instance:testpackage.Testhomepagelinks@b9b00e0]" started-at="2022-11-04T03:46:25 CET" name="closeSetup" finished-at="2022-11-04T03:46:25 CET" duration-ms="360" status="PASS">
          <reporter-output>
          </reporter-output>
        </test-method> <!-- closeSetup -->
      </class> <!-- testpackage.Testhomepagelinks -->
    </test> <!-- Browse Events -->
  </suite> <!-- Links in Homepage -->
</testng-results>
